{"/Users/neosoft/react native/jest-setup/AwesomeProject/src/redux/reducer.js": {"path":"/Users/neosoft/react native/jest-setup/AwesomeProject/src/redux/reducer.js","statementMap":{"0":{"start":{"line":3,"column":20},"end":{"line":6,"column":1}},"1":{"start":{"line":8,"column":27},"end":{"line":19,"column":1}},"2":{"start":{"line":9,"column":2},"end":{"line":18,"column":3}},"3":{"start":{"line":11,"column":6},"end":{"line":13,"column":9}},"4":{"start":{"line":14,"column":6},"end":{"line":14,"column":19}},"5":{"start":{"line":17,"column":6},"end":{"line":17,"column":19}}},"fnMap":{"0":{"name":"(anonymous_0)","decl":{"start":{"line":8,"column":27},"end":{"line":8,"column":28}},"loc":{"start":{"line":8,"column":62},"end":{"line":19,"column":1}},"line":8}},"branchMap":{"0":{"loc":{"start":{"line":8,"column":28},"end":{"line":8,"column":49}},"type":"default-arg","locations":[{"start":{"line":8,"column":36},"end":{"line":8,"column":49}}],"line":8},"1":{"loc":{"start":{"line":9,"column":2},"end":{"line":18,"column":3}},"type":"switch","locations":[{"start":{"line":10,"column":4},"end":{"line":14,"column":19}},{"start":{"line":16,"column":4},"end":{"line":17,"column":19}}],"line":9}},"s":{"0":1,"1":1,"2":1,"3":0,"4":0,"5":1},"f":{"0":1},"b":{"0":[1],"1":[0,1]},"_coverageSchema":"1a1c01bbd47fc00a2c39e90264f33305004495a9","hash":"97a3ab859a3a55fe8939c71d8ec805eb0fd3855a"}
,"/Users/neosoft/react native/jest-setup/AwesomeProject/src/redux/store.js": {"path":"/Users/neosoft/react native/jest-setup/AwesomeProject/src/redux/store.js","statementMap":{"0":{"start":{"line":5,"column":14},"end":{"line":5,"column":38}}},"fnMap":{},"branchMap":{},"s":{"0":1},"f":{},"b":{},"_coverageSchema":"1a1c01bbd47fc00a2c39e90264f33305004495a9","hash":"5521b31ad7bb56ef1dcabc46cac4cec96fe26011"}
,"/Users/neosoft/react native/jest-setup/AwesomeProject/src/screen/Login/DuplicateLogin.js": {"path":"/Users/neosoft/react native/jest-setup/AwesomeProject/src/screen/Login/DuplicateLogin.js","statementMap":{"0":{"start":{"line":8,"column":30},"end":{"line":8,"column":42}},"1":{"start":{"line":11,"column":4},"end":{"line":20,"column":5}}},"fnMap":{"0":{"name":"DuplicateLogin","decl":{"start":{"line":7,"column":24},"end":{"line":7,"column":38}},"loc":{"start":{"line":7,"column":41},"end":{"line":21,"column":1}},"line":7}},"branchMap":{},"s":{"0":1,"1":1},"f":{"0":1},"b":{},"_coverageSchema":"1a1c01bbd47fc00a2c39e90264f33305004495a9","hash":"fd70c84d0c530988c24758b5b94f0724577e752c"}
,"/Users/neosoft/react native/jest-setup/AwesomeProject/src/screen/Login/Login.js": {"path":"/Users/neosoft/react native/jest-setup/AwesomeProject/src/screen/Login/Login.js","statementMap":{"0":{"start":{"line":14,"column":4},"end":{"line":14,"column":16}},"1":{"start":{"line":15,"column":4},"end":{"line":19,"column":5}},"2":{"start":{"line":22,"column":26},"end":{"line":24,"column":3}},"3":{"start":{"line":23,"column":4},"end":{"line":23,"column":34}},"4":{"start":{"line":26,"column":4},"end":{"line":68,"column":6}},"5":{"start":{"line":38,"column":14},"end":{"line":38,"column":45}},"6":{"start":{"line":53,"column":14},"end":{"line":53,"column":51}},"7":{"start":{"line":71,"column":24},"end":{"line":75,"column":1}},"8":{"start":{"line":72,"column":2},"end":{"line":74,"column":3}},"9":{"start":{"line":79,"column":15},"end":{"line":125,"column":2}}},"fnMap":{"0":{"name":"(anonymous_0)","decl":{"start":{"line":13,"column":2},"end":{"line":13,"column":3}},"loc":{"start":{"line":13,"column":21},"end":{"line":21,"column":3}},"line":13},"1":{"name":"(anonymous_1)","decl":{"start":{"line":22,"column":26},"end":{"line":22,"column":27}},"loc":{"start":{"line":22,"column":32},"end":{"line":24,"column":3}},"line":22},"2":{"name":"(anonymous_2)","decl":{"start":{"line":25,"column":2},"end":{"line":25,"column":3}},"loc":{"start":{"line":25,"column":11},"end":{"line":69,"column":3}},"line":25},"3":{"name":"(anonymous_3)","decl":{"start":{"line":36,"column":26},"end":{"line":36,"column":27}},"loc":{"start":{"line":36,"column":37},"end":{"line":39,"column":13}},"line":36},"4":{"name":"(anonymous_4)","decl":{"start":{"line":51,"column":26},"end":{"line":51,"column":27}},"loc":{"start":{"line":53,"column":14},"end":{"line":53,"column":51}},"line":53},"5":{"name":"(anonymous_5)","decl":{"start":{"line":71,"column":24},"end":{"line":71,"column":25}},"loc":{"start":{"line":71,"column":41},"end":{"line":75,"column":1}},"line":71}},"branchMap":{},"s":{"0":0,"1":0,"2":0,"3":0,"4":0,"5":0,"6":0,"7":1,"8":0,"9":1},"f":{"0":0,"1":0,"2":0,"3":0,"4":0,"5":0},"b":{},"_coverageSchema":"1a1c01bbd47fc00a2c39e90264f33305004495a9","hash":"12f00d84c76105b6149dd81bb49000d8ae29041d"}
,"/Users/neosoft/react native/jest-setup/AwesomeProject/src/services/navigationService.js": {"path":"/Users/neosoft/react native/jest-setup/AwesomeProject/src/services/navigationService.js","statementMap":{"0":{"start":{"line":4,"column":29},"end":{"line":4,"column":46}},"1":{"start":{"line":5,"column":28},"end":{"line":5,"column":45}},"2":{"start":{"line":8,"column":4},"end":{"line":8,"column":55}},"3":{"start":{"line":12,"column":4},"end":{"line":17,"column":6}},"4":{"start":{"line":22,"column":4},"end":{"line":27,"column":6}},"5":{"start":{"line":31,"column":4},"end":{"line":36,"column":6}},"6":{"start":{"line":40,"column":4},"end":{"line":40,"column":60}},"7":{"start":{"line":43,"column":35},"end":{"line":43,"column":52}}},"fnMap":{"0":{"name":"navigate","decl":{"start":{"line":7,"column":16},"end":{"line":7,"column":24}},"loc":{"start":{"line":7,"column":44},"end":{"line":9,"column":1}},"line":7},"1":{"name":"navigateToClearStack","decl":{"start":{"line":11,"column":16},"end":{"line":11,"column":36}},"loc":{"start":{"line":11,"column":56},"end":{"line":18,"column":1}},"line":11},"2":{"name":"navigateToClearStackInitial","decl":{"start":{"line":21,"column":16},"end":{"line":21,"column":43}},"loc":{"start":{"line":21,"column":63},"end":{"line":28,"column":1}},"line":21},"3":{"name":"navigateManyToClearStack","decl":{"start":{"line":30,"column":16},"end":{"line":30,"column":40}},"loc":{"start":{"line":30,"column":60},"end":{"line":37,"column":1}},"line":30},"4":{"name":"goBack","decl":{"start":{"line":39,"column":16},"end":{"line":39,"column":22}},"loc":{"start":{"line":39,"column":25},"end":{"line":41,"column":1}},"line":39},"5":{"name":"openDrawer","decl":{"start":{"line":45,"column":16},"end":{"line":45,"column":26}},"loc":{"start":{"line":45,"column":29},"end":{"line":48,"column":1}},"line":45}},"branchMap":{},"s":{"0":1,"1":1,"2":0,"3":0,"4":0,"5":0,"6":0,"7":1},"f":{"0":0,"1":0,"2":0,"3":0,"4":0,"5":0},"b":{},"_coverageSchema":"1a1c01bbd47fc00a2c39e90264f33305004495a9","hash":"5d5776c20bbc5a2aa10aa11ea8602ea1d694303c"}
}
