TN:
SF:src/redux/reducer.js
FN:8,(anonymous_0)
FNF:1
FNH:1
FNDA:1,(anonymous_0)
DA:3,1
DA:8,1
DA:9,1
DA:11,0
DA:14,0
DA:17,1
LF:6
LH:4
BRDA:8,0,0,1
BRDA:9,1,0,0
BRDA:9,1,1,1
BRF:3
BRH:2
end_of_record
TN:
SF:src/redux/store.js
FNF:0
FNH:0
DA:5,1
LF:1
LH:1
BRF:0
BRH:0
end_of_record
TN:
SF:src/screen/Login/DuplicateLogin.js
FN:7,DuplicateLogin
FNF:1
FNH:1
FNDA:1,DuplicateLogin
DA:8,1
DA:11,1
LF:2
LH:2
BRF:0
BRH:0
end_of_record
TN:
SF:src/screen/Login/Login.js
FN:13,(anonymous_0)
FN:22,(anonymous_1)
FN:25,(anonymous_2)
FN:36,(anonymous_3)
FN:51,(anonymous_4)
FN:71,(anonymous_5)
FNF:6
FNH:0
FNDA:0,(anonymous_0)
FNDA:0,(anonymous_1)
FNDA:0,(anonymous_2)
FNDA:0,(anonymous_3)
FNDA:0,(anonymous_4)
FNDA:0,(anonymous_5)
DA:14,0
DA:15,0
DA:22,0
DA:23,0
DA:26,0
DA:38,0
DA:53,0
DA:71,1
DA:72,0
DA:79,1
LF:10
LH:2
BRF:0
BRH:0
end_of_record
TN:
SF:src/services/navigationService.js
FN:7,navigate
FN:11,navigateToClearStack
FN:21,navigateToClearStackInitial
FN:30,navigateManyToClearStack
FN:39,goBack
FN:45,openDrawer
FNF:6
FNH:0
FNDA:0,navigate
FNDA:0,navigateToClearStack
FNDA:0,navigateToClearStackInitial
FNDA:0,navigateManyToClearStack
FNDA:0,goBack
FNDA:0,openDrawer
DA:4,1
DA:5,1
DA:8,0
DA:12,0
DA:22,0
DA:31,0
DA:40,0
DA:43,1
LF:8
LH:3
BRF:0
BRH:0
end_of_record
